<?xml version="1.0" encoding="utf-8"?>
<data-map xmlns="http://cayenne.apache.org/schema/3.0/modelMap"
	xmlns:xsi="http://www.w3.org/2001/XMLSchema-instance"
	xsi:schemaLocation="http://cayenne.apache.org/schema/3.0/modelMap http://cayenne.apache.org/schema/3.0/modelMap.xsd"
	project-version="6">
<db-entity name="Artist">
        <db-attribute name="attributeOne" type="CHAR" isPrimaryKey="true" isMandatory="true" length="10"/>
        <db-attribute name="attributeTwo" type="DATE"/>
    </db-entity>
    <obj-entity name="Artist" dbEntityName="Artist">
        <entity-listener class="EntityListener">
            <post-add method-name="prePersistEntityListener"/>
			<post-persist method-name="postPersistEntityListener"/>
			<pre-update method-name="preUpdateEntityListener"/>
			<post-update method-name="postUpdateEntityListener"/>
			<pre-remove method-name="preRemoveEntityListener"/>
			<post-remove method-name="postRemoveEntityListener"/>
			<post-load method-name="postLoadEntityListener"/>
        </entity-listener>
    </obj-entity>
</data-map>
