<?xml version="1.0" encoding="utf-8"?>
<data-map xmlns="http://cayenne.apache.org/schema/9/modelMap"
          xmlns:xsi="http://www.w3.org/2001/XMLSchema-instance"
          xsi:schemaLocation="http://cayenne.apache.org/schema/9/modelMap http://cayenne.apache.org/schema/9/modelMap.xsd"
          project-version="9">
    <db-entity name="Artist">
        <db-attribute name="untitledAttr" type="CHAR" isPrimaryKey="true" isMandatory="true" length="10"/>
        <db-attribute name="untitledAttr1" type="DATE"/>
    </db-entity>
    <obj-entity name="Artist" dbEntityName="Artist">
    </obj-entity>
</data-map>
